::1 - - [05/Mar/2021:10:40:27 +0000] "GET /?page_num=1 HTTP/1.1" 200 3852 "http://localhost:8000/users/sign-in" "Mozilla/5.0 (X11; Linux x86_64) AppleWebKit/537.36 (KHTML, like Gecko) Chrome/87.0.4280.66 Safari/537.36"
::1 - - [05/Mar/2021:10:40:27 +0000] "GET /favicon.ico HTTP/1.1" 404 150 "http://localhost:8000/?page_num=1" "Mozilla/5.0 (X11; Linux x86_64) AppleWebKit/537.36 (KHTML, like Gecko) Chrome/87.0.4280.66 Safari/537.36"
::1 - - [05/Mar/2021:12:36:42 +0000] "GET /?page_num=1 HTTP/1.1" 200 3863 "http://localhost:8000/users/sign-in" "Mozilla/5.0 (X11; Linux x86_64) AppleWebKit/537.36 (KHTML, like Gecko) Chrome/87.0.4280.66 Safari/537.36"
::1 - - [05/Mar/2021:12:36:42 +0000] "GET /css/layout-5e09992ddb.css HTTP/1.1" 404 164 "http://localhost:8000/?page_num=1" "Mozilla/5.0 (X11; Linux x86_64) AppleWebKit/537.36 (KHTML, like Gecko) Chrome/87.0.4280.66 Safari/537.36"
::1 - - [05/Mar/2021:12:36:42 +0000] "GET /css/layout-5e09992ddb.css HTTP/1.1" 404 164 "http://localhost:8000/?page_num=1" "Mozilla/5.0 (X11; Linux x86_64) AppleWebKit/537.36 (KHTML, like Gecko) Chrome/87.0.4280.66 Safari/537.36"
::1 - - [05/Mar/2021:12:41:10 +0000] "GET /?page_num=1 HTTP/1.1" 500 1843 "http://localhost:8000/users/sign-in" "Mozilla/5.0 (X11; Linux x86_64) AppleWebKit/537.36 (KHTML, like Gecko) Chrome/87.0.4280.66 Safari/537.36"
::1 - - [05/Mar/2021:12:41:39 +0000] "GET /?page_num=1 HTTP/1.1" 500 2336 "http://localhost:8000/users/sign-in" "Mozilla/5.0 (X11; Linux x86_64) AppleWebKit/537.36 (KHTML, like Gecko) Chrome/87.0.4280.66 Safari/537.36"
::1 - - [05/Mar/2021:12:42:53 +0000] "GET /?page_num=1 HTTP/1.1" 500 2088 "http://localhost:8000/users/sign-in" "Mozilla/5.0 (X11; Linux x86_64) AppleWebKit/537.36 (KHTML, like Gecko) Chrome/87.0.4280.66 Safari/537.36"
::1 - - [05/Mar/2021:12:43:10 +0000] "GET /?page_num=1 HTTP/1.1" 200 3916 "http://localhost:8000/users/sign-in" "Mozilla/5.0 (X11; Linux x86_64) AppleWebKit/537.36 (KHTML, like Gecko) Chrome/87.0.4280.66 Safari/537.36"
::1 - - [05/Mar/2021:12:43:10 +0000] "GET /css/layout-5e09992ddb.css HTTP/1.1" 404 164 "http://localhost:8000/?page_num=1" "Mozilla/5.0 (X11; Linux x86_64) AppleWebKit/537.36 (KHTML, like Gecko) Chrome/87.0.4280.66 Safari/537.36"
::1 - - [05/Mar/2021:12:43:10 +0000] "GET /css/form-styles-107e5521a9.css HTTP/1.1" 404 169 "http://localhost:8000/?page_num=1" "Mozilla/5.0 (X11; Linux x86_64) AppleWebKit/537.36 (KHTML, like Gecko) Chrome/87.0.4280.66 Safari/537.36"
::1 - - [05/Mar/2021:12:43:10 +0000] "GET /js/home_posts_comments-fc02351b4c.js HTTP/1.1" 404 175 "http://localhost:8000/?page_num=1" "Mozilla/5.0 (X11; Linux x86_64) AppleWebKit/537.36 (KHTML, like Gecko) Chrome/87.0.4280.66 Safari/537.36"
::1 - - [05/Mar/2021:12:43:10 +0000] "GET /js/home_posts-c0c23eb0fc.js HTTP/1.1" 404 166 "http://localhost:8000/?page_num=1" "Mozilla/5.0 (X11; Linux x86_64) AppleWebKit/537.36 (KHTML, like Gecko) Chrome/87.0.4280.66 Safari/537.36"
::1 - - [05/Mar/2021:12:43:10 +0000] "GET /js/toggle_likes-7db6cdc628.js HTTP/1.1" 404 168 "http://localhost:8000/?page_num=1" "Mozilla/5.0 (X11; Linux x86_64) AppleWebKit/537.36 (KHTML, like Gecko) Chrome/87.0.4280.66 Safari/537.36"
::1 - - [05/Mar/2021:12:43:10 +0000] "GET /css/layout-5e09992ddb.css HTTP/1.1" 404 164 "http://localhost:8000/?page_num=1" "Mozilla/5.0 (X11; Linux x86_64) AppleWebKit/537.36 (KHTML, like Gecko) Chrome/87.0.4280.66 Safari/537.36"
::1 - - [05/Mar/2021:12:43:10 +0000] "GET /css/form-styles-107e5521a9.css HTTP/1.1" 404 169 "http://localhost:8000/?page_num=1" "Mozilla/5.0 (X11; Linux x86_64) AppleWebKit/537.36 (KHTML, like Gecko) Chrome/87.0.4280.66 Safari/537.36"
::1 - - [05/Mar/2021:12:43:10 +0000] "GET /js/chat_engine-f4050af56d.js HTTP/1.1" 404 167 "http://localhost:8000/?page_num=1" "Mozilla/5.0 (X11; Linux x86_64) AppleWebKit/537.36 (KHTML, like Gecko) Chrome/87.0.4280.66 Safari/537.36"
::1 - - [05/Mar/2021:12:43:10 +0000] "GET /js/home_posts_comments-fc02351b4c.js HTTP/1.1" 404 175 "http://localhost:8000/?page_num=1" "Mozilla/5.0 (X11; Linux x86_64) AppleWebKit/537.36 (KHTML, like Gecko) Chrome/87.0.4280.66 Safari/537.36"
::1 - - [05/Mar/2021:12:43:10 +0000] "GET /js/home_posts-c0c23eb0fc.js HTTP/1.1" 404 166 "http://localhost:8000/?page_num=1" "Mozilla/5.0 (X11; Linux x86_64) AppleWebKit/537.36 (KHTML, like Gecko) Chrome/87.0.4280.66 Safari/537.36"
::1 - - [05/Mar/2021:12:43:10 +0000] "GET /js/toggle_likes-7db6cdc628.js HTTP/1.1" 404 168 "http://localhost:8000/?page_num=1" "Mozilla/5.0 (X11; Linux x86_64) AppleWebKit/537.36 (KHTML, like Gecko) Chrome/87.0.4280.66 Safari/537.36"
::1 - - [05/Mar/2021:12:43:10 +0000] "GET /js/chat_engine-f4050af56d.js HTTP/1.1" 404 167 "http://localhost:8000/?page_num=1" "Mozilla/5.0 (X11; Linux x86_64) AppleWebKit/537.36 (KHTML, like Gecko) Chrome/87.0.4280.66 Safari/537.36"
::1 - - [05/Mar/2021:12:43:14 +0000] "GET /users/sign-in HTTP/1.1" 200 2181 "http://localhost:8000/?page_num=1" "Mozilla/5.0 (X11; Linux x86_64) AppleWebKit/537.36 (KHTML, like Gecko) Chrome/87.0.4280.66 Safari/537.36"
::1 - - [05/Mar/2021:12:43:14 +0000] "GET /css/layout-5e09992ddb.css HTTP/1.1" 404 164 "http://localhost:8000/users/sign-in" "Mozilla/5.0 (X11; Linux x86_64) AppleWebKit/537.36 (KHTML, like Gecko) Chrome/87.0.4280.66 Safari/537.36"
::1 - - [05/Mar/2021:12:43:14 +0000] "GET /css/form-styles-107e5521a9.css HTTP/1.1" 404 169 "http://localhost:8000/users/sign-in" "Mozilla/5.0 (X11; Linux x86_64) AppleWebKit/537.36 (KHTML, like Gecko) Chrome/87.0.4280.66 Safari/537.36"
::1 - - [05/Mar/2021:12:43:21 +0000] "POST /users/create-session HTTP/1.1" 302 68 "http://localhost:8000/users/sign-in" "Mozilla/5.0 (X11; Linux x86_64) AppleWebKit/537.36 (KHTML, like Gecko) Chrome/87.0.4280.66 Safari/537.36"
::1 - - [05/Mar/2021:12:43:21 +0000] "GET /?page_num=1 HTTP/1.1" 200 6025 "http://localhost:8000/users/sign-in" "Mozilla/5.0 (X11; Linux x86_64) AppleWebKit/537.36 (KHTML, like Gecko) Chrome/87.0.4280.66 Safari/537.36"
::1 - - [05/Mar/2021:12:43:21 +0000] "GET /css/layout-5e09992ddb.css HTTP/1.1" 404 164 "http://localhost:8000/?page_num=1" "Mozilla/5.0 (X11; Linux x86_64) AppleWebKit/537.36 (KHTML, like Gecko) Chrome/87.0.4280.66 Safari/537.36"
::1 - - [05/Mar/2021:12:43:21 +0000] "GET /css/form-styles-107e5521a9.css HTTP/1.1" 404 169 "http://localhost:8000/?page_num=1" "Mozilla/5.0 (X11; Linux x86_64) AppleWebKit/537.36 (KHTML, like Gecko) Chrome/87.0.4280.66 Safari/537.36"
::1 - - [05/Mar/2021:12:43:22 +0000] "GET /js/home_posts_comments-fc02351b4c.js HTTP/1.1" 404 175 "http://localhost:8000/?page_num=1" "Mozilla/5.0 (X11; Linux x86_64) AppleWebKit/537.36 (KHTML, like Gecko) Chrome/87.0.4280.66 Safari/537.36"
::1 - - [05/Mar/2021:12:43:22 +0000] "GET /js/home_posts-c0c23eb0fc.js HTTP/1.1" 404 166 "http://localhost:8000/?page_num=1" "Mozilla/5.0 (X11; Linux x86_64) AppleWebKit/537.36 (KHTML, like Gecko) Chrome/87.0.4280.66 Safari/537.36"
::1 - - [05/Mar/2021:12:43:22 +0000] "GET /js/toggle_likes-7db6cdc628.js HTTP/1.1" 404 168 "http://localhost:8000/?page_num=1" "Mozilla/5.0 (X11; Linux x86_64) AppleWebKit/537.36 (KHTML, like Gecko) Chrome/87.0.4280.66 Safari/537.36"
::1 - - [05/Mar/2021:12:43:22 +0000] "GET /js/chat_engine-f4050af56d.js HTTP/1.1" 404 167 "http://localhost:8000/?page_num=1" "Mozilla/5.0 (X11; Linux x86_64) AppleWebKit/537.36 (KHTML, like Gecko) Chrome/87.0.4280.66 Safari/537.36"
::1 - - [05/Mar/2021:12:45:12 +0000] "POST /posts/create HTTP/1.1" - - "http://localhost:8000/?page_num=1" "Mozilla/5.0 (X11; Linux x86_64) AppleWebKit/537.36 (KHTML, like Gecko) Chrome/87.0.4280.66 Safari/537.36"
::1 - - [05/Mar/2021:12:45:16 +0000] "GET /css/layout-5e09992ddb.css HTTP/1.1" 404 164 "http://localhost:8000/?page_num=1" "Mozilla/5.0 (X11; Linux x86_64) AppleWebKit/537.36 (KHTML, like Gecko) Chrome/87.0.4280.66 Safari/537.36"
::1 - - [05/Mar/2021:12:45:16 +0000] "GET /css/form-styles-107e5521a9.css HTTP/1.1" 404 169 "http://localhost:8000/?page_num=1" "Mozilla/5.0 (X11; Linux x86_64) AppleWebKit/537.36 (KHTML, like Gecko) Chrome/87.0.4280.66 Safari/537.36"
::1 - - [05/Mar/2021:12:46:08 +0000] "POST /posts/create HTTP/1.1" - - "http://localhost:8000/?page_num=1" "Mozilla/5.0 (X11; Linux x86_64) AppleWebKit/537.36 (KHTML, like Gecko) Chrome/87.0.4280.66 Safari/537.36"
::1 - - [05/Mar/2021:12:46:08 +0000] "GET /?page_num=1 HTTP/1.1" 200 5715 "http://localhost:8000/users/sign-in" "Mozilla/5.0 (X11; Linux x86_64) AppleWebKit/537.36 (KHTML, like Gecko) Chrome/87.0.4280.66 Safari/537.36"
::1 - - [05/Mar/2021:12:46:08 +0000] "GET /css/layout-5e09992ddb.css HTTP/1.1" 404 164 "http://localhost:8000/?page_num=1" "Mozilla/5.0 (X11; Linux x86_64) AppleWebKit/537.36 (KHTML, like Gecko) Chrome/87.0.4280.66 Safari/537.36"
::1 - - [05/Mar/2021:12:46:08 +0000] "GET /css/form-styles-107e5521a9.css HTTP/1.1" 404 169 "http://localhost:8000/?page_num=1" "Mozilla/5.0 (X11; Linux x86_64) AppleWebKit/537.36 (KHTML, like Gecko) Chrome/87.0.4280.66 Safari/537.36"
::1 - - [05/Mar/2021:12:46:09 +0000] "GET /js/toggle_likes-7db6cdc628.js HTTP/1.1" 404 168 "http://localhost:8000/?page_num=1" "Mozilla/5.0 (X11; Linux x86_64) AppleWebKit/537.36 (KHTML, like Gecko) Chrome/87.0.4280.66 Safari/537.36"
::1 - - [05/Mar/2021:12:46:09 +0000] "GET /js/home_posts_comments-fc02351b4c.js HTTP/1.1" 404 175 "http://localhost:8000/?page_num=1" "Mozilla/5.0 (X11; Linux x86_64) AppleWebKit/537.36 (KHTML, like Gecko) Chrome/87.0.4280.66 Safari/537.36"
::1 - - [05/Mar/2021:12:46:09 +0000] "GET /js/home_posts-c0c23eb0fc.js HTTP/1.1" 404 166 "http://localhost:8000/?page_num=1" "Mozilla/5.0 (X11; Linux x86_64) AppleWebKit/537.36 (KHTML, like Gecko) Chrome/87.0.4280.66 Safari/537.36"
::1 - - [05/Mar/2021:12:46:09 +0000] "GET /js/chat_engine-f4050af56d.js HTTP/1.1" 404 167 "http://localhost:8000/?page_num=1" "Mozilla/5.0 (X11; Linux x86_64) AppleWebKit/537.36 (KHTML, like Gecko) Chrome/87.0.4280.66 Safari/537.36"
::1 - - [05/Mar/2021:12:46:09 +0000] "GET /js/toggle_likes-7db6cdc628.js HTTP/1.1" 404 168 "http://localhost:8000/?page_num=1" "Mozilla/5.0 (X11; Linux x86_64) AppleWebKit/537.36 (KHTML, like Gecko) Chrome/87.0.4280.66 Safari/537.36"
::1 - - [05/Mar/2021:12:46:09 +0000] "GET /js/chat_engine-f4050af56d.js HTTP/1.1" 404 167 "http://localhost:8000/?page_num=1" "Mozilla/5.0 (X11; Linux x86_64) AppleWebKit/537.36 (KHTML, like Gecko) Chrome/87.0.4280.66 Safari/537.36"
::1 - - [05/Mar/2021:12:48:55 +0000] "POST /comments/create HTTP/1.1" 302 46 "http://localhost:8000/?page_num=1" "Mozilla/5.0 (X11; Linux x86_64) AppleWebKit/537.36 (KHTML, like Gecko) Chrome/87.0.4280.66 Safari/537.36"
::1 - - [05/Mar/2021:12:48:55 +0000] "GET / HTTP/1.1" 200 6842 "http://localhost:8000/?page_num=1" "Mozilla/5.0 (X11; Linux x86_64) AppleWebKit/537.36 (KHTML, like Gecko) Chrome/87.0.4280.66 Safari/537.36"
::1 - - [05/Mar/2021:12:48:55 +0000] "GET /css/layout-5e09992ddb.css HTTP/1.1" 404 164 "http://localhost:8000/" "Mozilla/5.0 (X11; Linux x86_64) AppleWebKit/537.36 (KHTML, like Gecko) Chrome/87.0.4280.66 Safari/537.36"
::1 - - [05/Mar/2021:12:48:55 +0000] "GET /css/form-styles-107e5521a9.css HTTP/1.1" 404 169 "http://localhost:8000/" "Mozilla/5.0 (X11; Linux x86_64) AppleWebKit/537.36 (KHTML, like Gecko) Chrome/87.0.4280.66 Safari/537.36"
::1 - - [05/Mar/2021:12:48:55 +0000] "GET /js/home_posts_comments-fc02351b4c.js HTTP/1.1" 404 175 "http://localhost:8000/" "Mozilla/5.0 (X11; Linux x86_64) AppleWebKit/537.36 (KHTML, like Gecko) Chrome/87.0.4280.66 Safari/537.36"
::1 - - [05/Mar/2021:12:48:55 +0000] "GET /js/home_posts-c0c23eb0fc.js HTTP/1.1" 404 166 "http://localhost:8000/" "Mozilla/5.0 (X11; Linux x86_64) AppleWebKit/537.36 (KHTML, like Gecko) Chrome/87.0.4280.66 Safari/537.36"
::1 - - [05/Mar/2021:12:48:55 +0000] "GET /js/toggle_likes-7db6cdc628.js HTTP/1.1" 404 168 "http://localhost:8000/" "Mozilla/5.0 (X11; Linux x86_64) AppleWebKit/537.36 (KHTML, like Gecko) Chrome/87.0.4280.66 Safari/537.36"
::1 - - [05/Mar/2021:12:48:55 +0000] "GET /js/chat_engine-f4050af56d.js HTTP/1.1" 404 167 "http://localhost:8000/" "Mozilla/5.0 (X11; Linux x86_64) AppleWebKit/537.36 (KHTML, like Gecko) Chrome/87.0.4280.66 Safari/537.36"
::1 - - [05/Mar/2021:12:58:06 +0000] "POST /posts/create HTTP/1.1" - - "http://localhost:8000/" "Mozilla/5.0 (X11; Linux x86_64) AppleWebKit/537.36 (KHTML, like Gecko) Chrome/87.0.4280.66 Safari/537.36"
::1 - - [05/Mar/2021:12:58:06 +0000] "GET / HTTP/1.1" 200 6758 "http://localhost:8000/?page_num=1" "Mozilla/5.0 (X11; Linux x86_64) AppleWebKit/537.36 (KHTML, like Gecko) Chrome/87.0.4280.66 Safari/537.36"
::1 - - [05/Mar/2021:12:58:06 +0000] "GET /css/layout-5e09992ddb.css HTTP/1.1" 404 164 "http://localhost:8000/" "Mozilla/5.0 (X11; Linux x86_64) AppleWebKit/537.36 (KHTML, like Gecko) Chrome/87.0.4280.66 Safari/537.36"
::1 - - [05/Mar/2021:12:58:06 +0000] "GET /css/form-styles-107e5521a9.css HTTP/1.1" 404 169 "http://localhost:8000/" "Mozilla/5.0 (X11; Linux x86_64) AppleWebKit/537.36 (KHTML, like Gecko) Chrome/87.0.4280.66 Safari/537.36"
::1 - - [05/Mar/2021:12:58:06 +0000] "GET /undefined HTTP/1.1" 404 148 "http://localhost:8000/" "Mozilla/5.0 (X11; Linux x86_64) AppleWebKit/537.36 (KHTML, like Gecko) Chrome/87.0.4280.66 Safari/537.36"
::1 - - [05/Mar/2021:12:58:06 +0000] "GET /undefined HTTP/1.1" 404 148 "http://localhost:8000/" "Mozilla/5.0 (X11; Linux x86_64) AppleWebKit/537.36 (KHTML, like Gecko) Chrome/87.0.4280.66 Safari/537.36"
::1 - - [05/Mar/2021:12:58:07 +0000] "GET /undefined HTTP/1.1" 404 148 "http://localhost:8000/" "Mozilla/5.0 (X11; Linux x86_64) AppleWebKit/537.36 (KHTML, like Gecko) Chrome/87.0.4280.66 Safari/537.36"
::1 - - [05/Mar/2021:12:58:07 +0000] "GET /undefined HTTP/1.1" 404 148 "http://localhost:8000/" "Mozilla/5.0 (X11; Linux x86_64) AppleWebKit/537.36 (KHTML, like Gecko) Chrome/87.0.4280.66 Safari/537.36"
::1 - - [05/Mar/2021:13:00:20 +0000] "POST /posts/create HTTP/1.1" - - "http://localhost:8000/" "Mozilla/5.0 (X11; Linux x86_64) AppleWebKit/537.36 (KHTML, like Gecko) Chrome/87.0.4280.66 Safari/537.36"
::1 - - [05/Mar/2021:13:02:20 +0000] "POST /posts/create HTTP/1.1" - - "http://localhost:8000/" "Mozilla/5.0 (X11; Linux x86_64) AppleWebKit/537.36 (KHTML, like Gecko) Chrome/87.0.4280.66 Safari/537.36"
::1 - - [05/Mar/2021:13:06:11 +0000] "GET /undefined HTTP/1.1" 404 148 "http://localhost:8000/" "Mozilla/5.0 (X11; Linux x86_64) AppleWebKit/537.36 (KHTML, like Gecko) Chrome/87.0.4280.66 Safari/537.36"
::1 - - [05/Mar/2021:13:06:12 +0000] "GET / HTTP/1.1" 200 6842 "http://localhost:8000/?page_num=1" "Mozilla/5.0 (X11; Linux x86_64) AppleWebKit/537.36 (KHTML, like Gecko) Chrome/87.0.4280.66 Safari/537.36"
::1 - - [05/Mar/2021:13:06:12 +0000] "GET /css/layout-5e09992ddb.css HTTP/1.1" 404 164 "http://localhost:8000/" "Mozilla/5.0 (X11; Linux x86_64) AppleWebKit/537.36 (KHTML, like Gecko) Chrome/87.0.4280.66 Safari/537.36"
::1 - - [05/Mar/2021:13:06:12 +0000] "GET /css/form-styles-107e5521a9.css HTTP/1.1" 404 169 "http://localhost:8000/" "Mozilla/5.0 (X11; Linux x86_64) AppleWebKit/537.36 (KHTML, like Gecko) Chrome/87.0.4280.66 Safari/537.36"
::1 - - [05/Mar/2021:13:06:12 +0000] "GET /js/chat_engine-f4050af56d.js HTTP/1.1" 404 167 "http://localhost:8000/" "Mozilla/5.0 (X11; Linux x86_64) AppleWebKit/537.36 (KHTML, like Gecko) Chrome/87.0.4280.66 Safari/537.36"
::1 - - [05/Mar/2021:13:06:12 +0000] "GET /js/home_posts_comments-fc02351b4c.js HTTP/1.1" 404 175 "http://localhost:8000/" "Mozilla/5.0 (X11; Linux x86_64) AppleWebKit/537.36 (KHTML, like Gecko) Chrome/87.0.4280.66 Safari/537.36"
::1 - - [05/Mar/2021:13:06:12 +0000] "GET /js/home_posts-c0c23eb0fc.js HTTP/1.1" 404 166 "http://localhost:8000/" "Mozilla/5.0 (X11; Linux x86_64) AppleWebKit/537.36 (KHTML, like Gecko) Chrome/87.0.4280.66 Safari/537.36"
::1 - - [05/Mar/2021:13:06:12 +0000] "GET /js/toggle_likes-7db6cdc628.js HTTP/1.1" 404 168 "http://localhost:8000/" "Mozilla/5.0 (X11; Linux x86_64) AppleWebKit/537.36 (KHTML, like Gecko) Chrome/87.0.4280.66 Safari/537.36"
::1 - - [05/Mar/2021:13:06:12 +0000] "GET /js/chat_engine-f4050af56d.js HTTP/1.1" 404 167 "http://localhost:8000/" "Mozilla/5.0 (X11; Linux x86_64) AppleWebKit/537.36 (KHTML, like Gecko) Chrome/87.0.4280.66 Safari/537.36"
::1 - - [05/Mar/2021:13:06:18 +0000] "GET /css/layout-5e09992ddb.css HTTP/1.1" 404 164 "http://localhost:8000/" "Mozilla/5.0 (X11; Linux x86_64) AppleWebKit/537.36 (KHTML, like Gecko) Chrome/87.0.4280.66 Safari/537.36"
::1 - - [05/Mar/2021:13:06:18 +0000] "GET /css/form-styles-107e5521a9.css HTTP/1.1" 404 169 "http://localhost:8000/" "Mozilla/5.0 (X11; Linux x86_64) AppleWebKit/537.36 (KHTML, like Gecko) Chrome/87.0.4280.66 Safari/537.36"
::1 - - [05/Mar/2021:13:09:02 +0000] "GET / HTTP/1.1" 304 - "http://localhost:8000/?page_num=1" "Mozilla/5.0 (X11; Linux x86_64) AppleWebKit/537.36 (KHTML, like Gecko) Chrome/87.0.4280.66 Safari/537.36"
::1 - - [05/Mar/2021:13:09:02 +0000] "GET /css/layout-5e09992ddb.css HTTP/1.1" 404 164 "http://localhost:8000/" "Mozilla/5.0 (X11; Linux x86_64) AppleWebKit/537.36 (KHTML, like Gecko) Chrome/87.0.4280.66 Safari/537.36"
::1 - - [05/Mar/2021:13:09:02 +0000] "GET /css/form-styles-107e5521a9.css HTTP/1.1" 404 169 "http://localhost:8000/" "Mozilla/5.0 (X11; Linux x86_64) AppleWebKit/537.36 (KHTML, like Gecko) Chrome/87.0.4280.66 Safari/537.36"
::1 - - [05/Mar/2021:13:09:02 +0000] "GET /js/home_posts-c0c23eb0fc.js HTTP/1.1" 404 166 "http://localhost:8000/" "Mozilla/5.0 (X11; Linux x86_64) AppleWebKit/537.36 (KHTML, like Gecko) Chrome/87.0.4280.66 Safari/537.36"
::1 - - [05/Mar/2021:13:09:02 +0000] "GET /js/home_posts_comments-fc02351b4c.js HTTP/1.1" 404 175 "http://localhost:8000/" "Mozilla/5.0 (X11; Linux x86_64) AppleWebKit/537.36 (KHTML, like Gecko) Chrome/87.0.4280.66 Safari/537.36"
::1 - - [05/Mar/2021:13:09:02 +0000] "GET /js/toggle_likes-7db6cdc628.js HTTP/1.1" 404 168 "http://localhost:8000/" "Mozilla/5.0 (X11; Linux x86_64) AppleWebKit/537.36 (KHTML, like Gecko) Chrome/87.0.4280.66 Safari/537.36"
::1 - - [05/Mar/2021:13:09:02 +0000] "GET /js/chat_engine-f4050af56d.js HTTP/1.1" 404 167 "http://localhost:8000/" "Mozilla/5.0 (X11; Linux x86_64) AppleWebKit/537.36 (KHTML, like Gecko) Chrome/87.0.4280.66 Safari/537.36"
::1 - - [05/Mar/2021:13:09:02 +0000] "GET /js/home_posts-c0c23eb0fc.js HTTP/1.1" 404 166 "http://localhost:8000/" "Mozilla/5.0 (X11; Linux x86_64) AppleWebKit/537.36 (KHTML, like Gecko) Chrome/87.0.4280.66 Safari/537.36"
::1 - - [05/Mar/2021:13:09:02 +0000] "GET /js/toggle_likes-7db6cdc628.js HTTP/1.1" 404 168 "http://localhost:8000/" "Mozilla/5.0 (X11; Linux x86_64) AppleWebKit/537.36 (KHTML, like Gecko) Chrome/87.0.4280.66 Safari/537.36"
::1 - - [05/Mar/2021:13:09:02 +0000] "GET /js/chat_engine-f4050af56d.js HTTP/1.1" 404 167 "http://localhost:8000/" "Mozilla/5.0 (X11; Linux x86_64) AppleWebKit/537.36 (KHTML, like Gecko) Chrome/87.0.4280.66 Safari/537.36"
::1 - - [05/Mar/2021:13:12:45 +0000] "GET / HTTP/1.1" 304 - "http://localhost:8000/?page_num=1" "Mozilla/5.0 (X11; Linux x86_64) AppleWebKit/537.36 (KHTML, like Gecko) Chrome/87.0.4280.66 Safari/537.36"
::1 - - [05/Mar/2021:13:13:07 +0000] "POST /posts/create HTTP/1.1" 200 438 "http://localhost:8000/" "Mozilla/5.0 (X11; Linux x86_64) AppleWebKit/537.36 (KHTML, like Gecko) Chrome/87.0.4280.66 Safari/537.36"
::1 - - [05/Mar/2021:13:13:14 +0000] "GET / HTTP/1.1" 200 8242 "http://localhost:8000/?page_num=1" "Mozilla/5.0 (X11; Linux x86_64) AppleWebKit/537.36 (KHTML, like Gecko) Chrome/87.0.4280.66 Safari/537.36"
::1 - - [05/Mar/2021:13:13:23 +0000] "POST /likes/toggle/?id=60422e634d572830c274e0a5&type=Post HTTP/1.1" 200 59 "http://localhost:8000/" "Mozilla/5.0 (X11; Linux x86_64) AppleWebKit/537.36 (KHTML, like Gecko) Chrome/87.0.4280.66 Safari/537.36"
::1 - - [05/Mar/2021:13:13:24 +0000] "POST /likes/toggle/?id=60422e634d572830c274e0a5&type=Post HTTP/1.1" 200 58 "http://localhost:8000/" "Mozilla/5.0 (X11; Linux x86_64) AppleWebKit/537.36 (KHTML, like Gecko) Chrome/87.0.4280.66 Safari/537.36"
::1 - - [05/Mar/2021:13:15:23 +0000] "GET /users/profile/6040cbcb5b9b3a2a8acd64d8 HTTP/1.1" 200 2125 "http://localhost:8000/" "Mozilla/5.0 (X11; Linux x86_64) AppleWebKit/537.36 (KHTML, like Gecko) Chrome/87.0.4280.66 Safari/537.36"
